---------------------------------------------------------------
[ 2017-11-14T13:36:32+08:00 ] ::1 ::1 GET /weightdatadisplay/
[ error ] [0]variable type error： boolean
---------------------------------------------------------------
[ 2017-11-14T13:36:33+08:00 ] ::1 ::1 GET /weightdatadisplay/
[ error ] [0]variable type error： boolean
---------------------------------------------------------------
[ 2017-11-14T13:42:56+08:00 ] ::1 ::1 GET /weightdatadisplay/
[ info ] localhost/weightdatadisplay/ [运行时间：0.039202s][吞吐率：25.51req/s] [内存消耗：2,426.35kb] [文件加载：47]
[ info ] [ LANG ] E:\code\php\weightdatadisplay\thinkphp\lang\zh-cn.php
[ info ] [ ROUTE ] array (
  'type' => 'module',
  'module' => 
  array (
    0 => '',
    1 => NULL,
    2 => NULL,
  ),
)
[ info ] [ HEADER ] array (
  'host' => 'localhost',
  'connection' => 'keep-alive',
  'cache-control' => 'max-age=0',
  'user-agent' => 'Mozilla/5.0 (Windows NT 10.0; Win64; x64) AppleWebKit/537.36 (KHTML, like Gecko) Chrome/62.0.3202.89 Safari/537.36',
  'upgrade-insecure-requests' => '1',
  'accept' => 'text/html,application/xhtml+xml,application/xml;q=0.9,image/webp,image/apng,*/*;q=0.8',
  'accept-encoding' => 'gzip, deflate, br',
  'accept-language' => 'zh-CN,zh;q=0.9',
  'cookie' => 'sessionid=ju6w82dp7v5kfniqmkqyz8oyr95hoi84; csrftoken=hP2kz6A2TThNEpfhLAqDRyRBIL6N1BjynFRQQe1Pbmw1jSePrYpG4BFXC6lWgmlw; pgv_pvi=4484905984; pgv_si=s8345492480',
)
[ info ] [ PARAM ] array (
)
[ info ] [ RUN ] app\index\controller\Index->index[ E:\code\php\weightdatadisplay\application\index\controller\Index.php ]
[ info ] [ VIEW ] E:\code\php\weightdatadisplay/application/index\view\index\index.html [ array (
) ]
[ info ] [ LOG ] INIT File
---------------------------------------------------------------
[ 2017-11-14T13:42:56+08:00 ] ::1 ::1 GET /weightdatadisplay/css/bootstrap.min.css
[ info ] localhost/weightdatadisplay/css/bootstrap.min.css [运行时间：0.021750s][吞吐率：45.98req/s] [内存消耗：1,863.85kb] [文件加载：40]
[ info ] [ LANG ] E:\code\php\weightdatadisplay\thinkphp\lang\zh-cn.php
[ info ] [ ROUTE ] array (
  'type' => 'module',
  'module' => 
  array (
    0 => 'css',
    1 => 'bootstrap.min.css',
    2 => NULL,
  ),
)
[ info ] [ HEADER ] array (
  'host' => 'localhost',
  'connection' => 'keep-alive',
  'user-agent' => 'Mozilla/5.0 (Windows NT 10.0; Win64; x64) AppleWebKit/537.36 (KHTML, like Gecko) Chrome/62.0.3202.89 Safari/537.36',
  'accept' => 'text/css,*/*;q=0.1',
  'referer' => 'http://localhost/weightdatadisplay/',
  'accept-encoding' => 'gzip, deflate, br',
  'accept-language' => 'zh-CN,zh;q=0.9',
  'cookie' => 'sessionid=ju6w82dp7v5kfniqmkqyz8oyr95hoi84; csrftoken=hP2kz6A2TThNEpfhLAqDRyRBIL6N1BjynFRQQe1Pbmw1jSePrYpG4BFXC6lWgmlw; pgv_pvi=4484905984; pgv_si=s8345492480',
)
[ info ] [ PARAM ] array (
)
[ info ] [ LOG ] INIT File
---------------------------------------------------------------
[ 2017-11-14T13:42:56+08:00 ] ::1 ::1 GET /weightdatadisplay/css/index.css
[ info ] localhost/weightdatadisplay/css/index.css [运行时间：0.021218s][吞吐率：47.13req/s] [内存消耗：1,863.84kb] [文件加载：40]
[ info ] [ LANG ] E:\code\php\weightdatadisplay\thinkphp\lang\zh-cn.php
[ info ] [ ROUTE ] array (
  'type' => 'module',
  'module' => 
  array (
    0 => 'css',
    1 => 'index.css',
    2 => NULL,
  ),
)
[ info ] [ HEADER ] array (
  'host' => 'localhost',
  'connection' => 'keep-alive',
  'user-agent' => 'Mozilla/5.0 (Windows NT 10.0; Win64; x64) AppleWebKit/537.36 (KHTML, like Gecko) Chrome/62.0.3202.89 Safari/537.36',
  'accept' => 'text/css,*/*;q=0.1',
  'referer' => 'http://localhost/weightdatadisplay/',
  'accept-encoding' => 'gzip, deflate, br',
  'accept-language' => 'zh-CN,zh;q=0.9',
  'cookie' => 'sessionid=ju6w82dp7v5kfniqmkqyz8oyr95hoi84; csrftoken=hP2kz6A2TThNEpfhLAqDRyRBIL6N1BjynFRQQe1Pbmw1jSePrYpG4BFXC6lWgmlw; pgv_pvi=4484905984; pgv_si=s8345492480',
)
[ info ] [ PARAM ] array (
)
[ info ] [ LOG ] INIT File
---------------------------------------------------------------
[ 2017-11-14T13:42:56+08:00 ] ::1 ::1 GET /weightdatadisplay/js/bootstrap.min.js
[ info ] localhost/weightdatadisplay/js/bootstrap.min.js [运行时间：0.021666s][吞吐率：46.16req/s] [内存消耗：1,863.84kb] [文件加载：40]
[ info ] [ LANG ] E:\code\php\weightdatadisplay\thinkphp\lang\zh-cn.php
[ info ] [ ROUTE ] array (
  'type' => 'module',
  'module' => 
  array (
    0 => 'js',
    1 => 'bootstrap.min.js',
    2 => NULL,
  ),
)
[ info ] [ HEADER ] array (
  'host' => 'localhost',
  'connection' => 'keep-alive',
  'user-agent' => 'Mozilla/5.0 (Windows NT 10.0; Win64; x64) AppleWebKit/537.36 (KHTML, like Gecko) Chrome/62.0.3202.89 Safari/537.36',
  'accept' => '*/*',
  'referer' => 'http://localhost/weightdatadisplay/',
  'accept-encoding' => 'gzip, deflate, br',
  'accept-language' => 'zh-CN,zh;q=0.9',
  'cookie' => 'sessionid=ju6w82dp7v5kfniqmkqyz8oyr95hoi84; csrftoken=hP2kz6A2TThNEpfhLAqDRyRBIL6N1BjynFRQQe1Pbmw1jSePrYpG4BFXC6lWgmlw; pgv_pvi=4484905984; pgv_si=s8345492480',
)
[ info ] [ PARAM ] array (
)
[ info ] [ LOG ] INIT File
---------------------------------------------------------------
[ 2017-11-14T13:42:56+08:00 ] ::1 ::1 GET /weightdatadisplay/js/bootstrap.min.js
[ info ] localhost/weightdatadisplay/js/bootstrap.min.js [运行时间：0.019566s][吞吐率：51.11req/s] [内存消耗：1,863.84kb] [文件加载：40]
[ info ] [ LANG ] E:\code\php\weightdatadisplay\thinkphp\lang\zh-cn.php
[ info ] [ ROUTE ] array (
  'type' => 'module',
  'module' => 
  array (
    0 => 'js',
    1 => 'bootstrap.min.js',
    2 => NULL,
  ),
)
[ info ] [ HEADER ] array (
  'host' => 'localhost',
  'connection' => 'keep-alive',
  'user-agent' => 'Mozilla/5.0 (Windows NT 10.0; Win64; x64) AppleWebKit/537.36 (KHTML, like Gecko) Chrome/62.0.3202.89 Safari/537.36',
  'accept' => '*/*',
  'referer' => 'http://localhost/weightdatadisplay/',
  'accept-encoding' => 'gzip, deflate, br',
  'accept-language' => 'zh-CN,zh;q=0.9',
  'cookie' => 'sessionid=ju6w82dp7v5kfniqmkqyz8oyr95hoi84; csrftoken=hP2kz6A2TThNEpfhLAqDRyRBIL6N1BjynFRQQe1Pbmw1jSePrYpG4BFXC6lWgmlw; pgv_pvi=4484905984; pgv_si=s8345492480',
)
[ info ] [ PARAM ] array (
)
[ info ] [ LOG ] INIT File
---------------------------------------------------------------
[ 2017-11-14T13:42:58+08:00 ] ::1 ::1 GET /weightdatadisplay/
[ info ] localhost/weightdatadisplay/ [运行时间：0.024020s][吞吐率：41.63req/s] [内存消耗：2,237.61kb] [文件加载：45]
[ info ] [ LANG ] E:\code\php\weightdatadisplay\thinkphp\lang\zh-cn.php
[ info ] [ ROUTE ] array (
  'type' => 'module',
  'module' => 
  array (
    0 => '',
    1 => NULL,
    2 => NULL,
  ),
)
[ info ] [ HEADER ] array (
  'host' => 'localhost',
  'connection' => 'keep-alive',
  'cache-control' => 'max-age=0',
  'user-agent' => 'Mozilla/5.0 (Windows NT 10.0; Win64; x64) AppleWebKit/537.36 (KHTML, like Gecko) Chrome/62.0.3202.89 Safari/537.36',
  'upgrade-insecure-requests' => '1',
  'accept' => 'text/html,application/xhtml+xml,application/xml;q=0.9,image/webp,image/apng,*/*;q=0.8',
  'accept-encoding' => 'gzip, deflate, br',
  'accept-language' => 'zh-CN,zh;q=0.9',
  'cookie' => 'sessionid=ju6w82dp7v5kfniqmkqyz8oyr95hoi84; csrftoken=hP2kz6A2TThNEpfhLAqDRyRBIL6N1BjynFRQQe1Pbmw1jSePrYpG4BFXC6lWgmlw; pgv_pvi=4484905984; pgv_si=s8345492480',
)
[ info ] [ PARAM ] array (
)
[ info ] [ RUN ] app\index\controller\Index->index[ E:\code\php\weightdatadisplay\application\index\controller\Index.php ]
[ info ] [ VIEW ] E:\code\php\weightdatadisplay/application/index\view\index\index.html [ array (
) ]
[ info ] [ LOG ] INIT File
---------------------------------------------------------------
[ 2017-11-14T13:42:58+08:00 ] ::1 ::1 GET /weightdatadisplay/css/index.css
[ info ] localhost/weightdatadisplay/css/index.css [运行时间：0.023259s][吞吐率：42.99req/s] [内存消耗：1,863.84kb] [文件加载：40]
[ info ] [ LANG ] E:\code\php\weightdatadisplay\thinkphp\lang\zh-cn.php
[ info ] [ ROUTE ] array (
  'type' => 'module',
  'module' => 
  array (
    0 => 'css',
    1 => 'index.css',
    2 => NULL,
  ),
)
[ info ] [ HEADER ] array (
  'host' => 'localhost',
  'connection' => 'keep-alive',
  'user-agent' => 'Mozilla/5.0 (Windows NT 10.0; Win64; x64) AppleWebKit/537.36 (KHTML, like Gecko) Chrome/62.0.3202.89 Safari/537.36',
  'accept' => 'text/css,*/*;q=0.1',
  'referer' => 'http://localhost/weightdatadisplay/',
  'accept-encoding' => 'gzip, deflate, br',
  'accept-language' => 'zh-CN,zh;q=0.9',
  'cookie' => 'sessionid=ju6w82dp7v5kfniqmkqyz8oyr95hoi84; csrftoken=hP2kz6A2TThNEpfhLAqDRyRBIL6N1BjynFRQQe1Pbmw1jSePrYpG4BFXC6lWgmlw; pgv_pvi=4484905984; pgv_si=s8345492480',
)
[ info ] [ PARAM ] array (
)
[ info ] [ LOG ] INIT File
---------------------------------------------------------------
[ 2017-11-14T13:42:58+08:00 ] ::1 ::1 GET /weightdatadisplay/css/bootstrap.min.css
[ info ] localhost/weightdatadisplay/css/bootstrap.min.css [运行时间：0.027630s][吞吐率：36.19req/s] [内存消耗：1,863.85kb] [文件加载：40]
[ info ] [ LANG ] E:\code\php\weightdatadisplay\thinkphp\lang\zh-cn.php
[ info ] [ ROUTE ] array (
  'type' => 'module',
  'module' => 
  array (
    0 => 'css',
    1 => 'bootstrap.min.css',
    2 => NULL,
  ),
)
[ info ] [ HEADER ] array (
  'host' => 'localhost',
  'connection' => 'keep-alive',
  'user-agent' => 'Mozilla/5.0 (Windows NT 10.0; Win64; x64) AppleWebKit/537.36 (KHTML, like Gecko) Chrome/62.0.3202.89 Safari/537.36',
  'accept' => 'text/css,*/*;q=0.1',
  'referer' => 'http://localhost/weightdatadisplay/',
  'accept-encoding' => 'gzip, deflate, br',
  'accept-language' => 'zh-CN,zh;q=0.9',
  'cookie' => 'sessionid=ju6w82dp7v5kfniqmkqyz8oyr95hoi84; csrftoken=hP2kz6A2TThNEpfhLAqDRyRBIL6N1BjynFRQQe1Pbmw1jSePrYpG4BFXC6lWgmlw; pgv_pvi=4484905984; pgv_si=s8345492480',
)
[ info ] [ PARAM ] array (
)
[ info ] [ LOG ] INIT File
---------------------------------------------------------------
[ 2017-11-14T13:42:58+08:00 ] ::1 ::1 GET /weightdatadisplay/js/bootstrap.min.js
[ info ] localhost/weightdatadisplay/js/bootstrap.min.js [运行时间：0.027852s][吞吐率：35.90req/s] [内存消耗：1,863.84kb] [文件加载：40]
[ info ] [ LANG ] E:\code\php\weightdatadisplay\thinkphp\lang\zh-cn.php
[ info ] [ ROUTE ] array (
  'type' => 'module',
  'module' => 
  array (
    0 => 'js',
    1 => 'bootstrap.min.js',
    2 => NULL,
  ),
)
[ info ] [ HEADER ] array (
  'host' => 'localhost',
  'connection' => 'keep-alive',
  'user-agent' => 'Mozilla/5.0 (Windows NT 10.0; Win64; x64) AppleWebKit/537.36 (KHTML, like Gecko) Chrome/62.0.3202.89 Safari/537.36',
  'accept' => '*/*',
  'referer' => 'http://localhost/weightdatadisplay/',
  'accept-encoding' => 'gzip, deflate, br',
  'accept-language' => 'zh-CN,zh;q=0.9',
  'cookie' => 'sessionid=ju6w82dp7v5kfniqmkqyz8oyr95hoi84; csrftoken=hP2kz6A2TThNEpfhLAqDRyRBIL6N1BjynFRQQe1Pbmw1jSePrYpG4BFXC6lWgmlw; pgv_pvi=4484905984; pgv_si=s8345492480',
)
[ info ] [ PARAM ] array (
)
[ info ] [ LOG ] INIT File
---------------------------------------------------------------
[ 2017-11-14T13:43:58+08:00 ] ::1 ::1 GET /weightdatadisplay/
[ info ] localhost/weightdatadisplay/ [运行时间：0.040132s][吞吐率：24.92req/s] [内存消耗：2,426.35kb] [文件加载：47]
[ info ] [ LANG ] E:\code\php\weightdatadisplay\thinkphp\lang\zh-cn.php
[ info ] [ ROUTE ] array (
  'type' => 'module',
  'module' => 
  array (
    0 => '',
    1 => NULL,
    2 => NULL,
  ),
)
[ info ] [ HEADER ] array (
  'host' => 'localhost',
  'connection' => 'keep-alive',
  'cache-control' => 'max-age=0',
  'user-agent' => 'Mozilla/5.0 (Windows NT 10.0; Win64; x64) AppleWebKit/537.36 (KHTML, like Gecko) Chrome/62.0.3202.89 Safari/537.36',
  'upgrade-insecure-requests' => '1',
  'accept' => 'text/html,application/xhtml+xml,application/xml;q=0.9,image/webp,image/apng,*/*;q=0.8',
  'accept-encoding' => 'gzip, deflate, br',
  'accept-language' => 'zh-CN,zh;q=0.9',
  'cookie' => 'sessionid=ju6w82dp7v5kfniqmkqyz8oyr95hoi84; csrftoken=hP2kz6A2TThNEpfhLAqDRyRBIL6N1BjynFRQQe1Pbmw1jSePrYpG4BFXC6lWgmlw; pgv_pvi=4484905984; pgv_si=s8345492480',
)
[ info ] [ PARAM ] array (
)
[ info ] [ RUN ] app\index\controller\Index->index[ E:\code\php\weightdatadisplay\application\index\controller\Index.php ]
[ info ] [ VIEW ] E:\code\php\weightdatadisplay/application/index\view\index\index.html [ array (
) ]
[ info ] [ LOG ] INIT File
---------------------------------------------------------------
[ 2017-11-14T13:45:03+08:00 ] ::1 ::1 GET /weightdatadisplay/
[ info ] localhost/weightdatadisplay/ [运行时间：0.038125s][吞吐率：26.23req/s] [内存消耗：2,505.98kb] [文件加载：48]
[ info ] [ LANG ] E:\code\php\weightdatadisplay\thinkphp\lang\zh-cn.php
[ info ] [ ROUTE ] array (
  'type' => 'module',
  'module' => 
  array (
    0 => '',
    1 => NULL,
    2 => NULL,
  ),
)
[ info ] [ HEADER ] array (
  'host' => 'localhost',
  'connection' => 'keep-alive',
  'cache-control' => 'max-age=0',
  'user-agent' => 'Mozilla/5.0 (Windows NT 10.0; Win64; x64) AppleWebKit/537.36 (KHTML, like Gecko) Chrome/62.0.3202.89 Safari/537.36',
  'upgrade-insecure-requests' => '1',
  'accept' => 'text/html,application/xhtml+xml,application/xml;q=0.9,image/webp,image/apng,*/*;q=0.8',
  'accept-encoding' => 'gzip, deflate, br',
  'accept-language' => 'zh-CN,zh;q=0.9',
  'cookie' => 'sessionid=ju6w82dp7v5kfniqmkqyz8oyr95hoi84; csrftoken=hP2kz6A2TThNEpfhLAqDRyRBIL6N1BjynFRQQe1Pbmw1jSePrYpG4BFXC6lWgmlw; pgv_pvi=4484905984; pgv_si=s8345492480',
)
[ info ] [ PARAM ] array (
)
[ info ] [ RUN ] app\index\controller\Index->index[ E:\code\php\weightdatadisplay\application\index\controller\Index.php ]
[ info ] [ VIEW ] E:\code\php\weightdatadisplay/application/index\view\index\index.html [ array (
) ]
[ info ] [ LOG ] INIT File
---------------------------------------------------------------
[ 2017-11-14T13:45:06+08:00 ] ::1 ::1 POST /weightdatadisplay/index/index/login.html
[ info ] localhost/weightdatadisplay/index/index/login.html [运行时间：0.023106s][吞吐率：43.28req/s] [内存消耗：2,285.10kb] [文件加载：47]
[ info ] [ LANG ] E:\code\php\weightdatadisplay\thinkphp\lang\zh-cn.php
[ info ] [ ROUTE ] array (
  'type' => 'module',
  'module' => 
  array (
    0 => 'index',
    1 => 'index',
    2 => 'login',
  ),
)
[ info ] [ HEADER ] array (
  'host' => 'localhost',
  'connection' => 'keep-alive',
  'content-length' => '22',
  'cache-control' => 'max-age=0',
  'origin' => 'http://localhost',
  'upgrade-insecure-requests' => '1',
  'content-type' => 'application/x-www-form-urlencoded',
  'user-agent' => 'Mozilla/5.0 (Windows NT 10.0; Win64; x64) AppleWebKit/537.36 (KHTML, like Gecko) Chrome/62.0.3202.89 Safari/537.36',
  'accept' => 'text/html,application/xhtml+xml,application/xml;q=0.9,image/webp,image/apng,*/*;q=0.8',
  'referer' => 'http://localhost/weightdatadisplay/',
  'accept-encoding' => 'gzip, deflate, br',
  'accept-language' => 'zh-CN,zh;q=0.9',
  'cookie' => 'sessionid=ju6w82dp7v5kfniqmkqyz8oyr95hoi84; csrftoken=hP2kz6A2TThNEpfhLAqDRyRBIL6N1BjynFRQQe1Pbmw1jSePrYpG4BFXC6lWgmlw; pgv_pvi=4484905984; pgv_si=s8345492480',
)
[ info ] [ PARAM ] array (
  'accountname' => '',
  'password' => '',
)
[ info ] [ LOG ] INIT File
---------------------------------------------------------------
[ 2017-11-14T13:58:53+08:00 ] ::1 ::1 POST /weightdatadisplay/index/index/login.html
[ sql ] [ DB ] CONNECT:[ UseTime:0.001735s ] mysql:host=127.0.0.1;dbname=ctt-ms;charset=utf8
[ sql ] [ SQL ] SHOW COLUMNS FROM `user` [ RunTime:0.003455s ]
[ sql ] [ SQL ] SELECT * FROM `user` WHERE  `username` = '123' LIMIT 1 [ RunTime:0.000684s ]
---------------------------------------------------------------
[ 2017-11-14T13:58:57+08:00 ] ::1 ::1 POST /weightdatadisplay/index/index/login.html
[ sql ] [ DB ] CONNECT:[ UseTime:0.003646s ] mysql:host=127.0.0.1;dbname=ctt-ms;charset=utf8
[ sql ] [ SQL ] SHOW COLUMNS FROM `user` [ RunTime:0.001112s ]
[ sql ] [ SQL ] SELECT * FROM `user` WHERE  `username` = '123' LIMIT 1 [ RunTime:0.000555s ]
---------------------------------------------------------------
[ 2017-11-14T13:59:03+08:00 ] ::1 ::1 POST /weightdatadisplay/index/index/login.html
[ sql ] [ DB ] CONNECT:[ UseTime:0.001602s ] mysql:host=127.0.0.1;dbname=ctt-ms;charset=utf8
[ sql ] [ SQL ] SHOW COLUMNS FROM `user` [ RunTime:0.001164s ]
[ sql ] [ SQL ] SELECT * FROM `user` WHERE  `username` = 'user1' LIMIT 1 [ RunTime:0.000552s ]
---------------------------------------------------------------
[ 2017-11-14T13:59:16+08:00 ] ::1 ::1 POST /weightdatadisplay/index/index/login.html
[ sql ] [ DB ] CONNECT:[ UseTime:0.001962s ] mysql:host=127.0.0.1;dbname=ctt-ms;charset=utf8
[ sql ] [ SQL ] SHOW COLUMNS FROM `user` [ RunTime:0.000834s ]
[ sql ] [ SQL ] SELECT * FROM `user` WHERE  `username` = 'user1' LIMIT 1 [ RunTime:0.000445s ]
---------------------------------------------------------------
[ 2017-11-14T13:59:38+08:00 ] ::1 ::1 POST /weightdatadisplay/index/index/login.html
[ sql ] [ DB ] CONNECT:[ UseTime:0.003465s ] mysql:host=127.0.0.1;dbname=ctt-ms;charset=utf8
[ sql ] [ SQL ] SHOW COLUMNS FROM `user` [ RunTime:0.000886s ]
[ error ] [10501]SQLSTATE[42S22]: Column not found: 1054 Unknown column 'account' in 'where clause'
---------------------------------------------------------------
[ 2017-11-14T14:00:07+08:00 ] ::1 ::1 GET /weightdatadisplay/index/index/login.html
[ info ] localhost/weightdatadisplay/index/index/login.html [运行时间：0.025941s][吞吐率：38.55req/s] [内存消耗：2,285.73kb] [文件加载：46]
[ info ] [ LANG ] E:\code\php\weightdatadisplay\thinkphp\lang\zh-cn.php
[ info ] [ ROUTE ] array (
  'type' => 'module',
  'module' => 
  array (
    0 => 'index',
    1 => 'index',
    2 => 'login',
  ),
)
[ info ] [ HEADER ] array (
  'host' => 'localhost',
  'connection' => 'keep-alive',
  'user-agent' => 'Mozilla/5.0 (Windows NT 10.0; Win64; x64) AppleWebKit/537.36 (KHTML, like Gecko) Chrome/62.0.3202.89 Safari/537.36',
  'upgrade-insecure-requests' => '1',
  'accept' => 'text/html,application/xhtml+xml,application/xml;q=0.9,image/webp,image/apng,*/*;q=0.8',
  'accept-encoding' => 'gzip, deflate, br',
  'accept-language' => 'zh-CN,zh;q=0.9',
  'cookie' => 'sessionid=ju6w82dp7v5kfniqmkqyz8oyr95hoi84; csrftoken=hP2kz6A2TThNEpfhLAqDRyRBIL6N1BjynFRQQe1Pbmw1jSePrYpG4BFXC6lWgmlw; pgv_pvi=4484905984; pgv_si=s8345492480',
)
[ info ] [ PARAM ] array (
)
[ info ] [ LOG ] INIT File
[ error ] [0]方法参数错误:accountname[E:\code\php\weightdatadisplay\thinkphp\library\think\App.php:282]
---------------------------------------------------------------
[ 2017-11-14T14:01:26+08:00 ] ::1 ::1 GET /weightdatadisplay/index/index/login.html
[ info ] localhost/weightdatadisplay/index/index/login.html [运行时间：0.023180s][吞吐率：43.14req/s] [内存消耗：2,243.52kb] [文件加载：44]
[ info ] [ LANG ] E:\code\php\weightdatadisplay\thinkphp\lang\zh-cn.php
[ info ] [ ROUTE ] array (
  'type' => 'module',
  'module' => 
  array (
    0 => 'index',
    1 => 'index',
    2 => 'login',
  ),
)
[ info ] [ HEADER ] array (
  'host' => 'localhost',
  'connection' => 'keep-alive',
  'cache-control' => 'max-age=0',
  'user-agent' => 'Mozilla/5.0 (Windows NT 10.0; Win64; x64) AppleWebKit/537.36 (KHTML, like Gecko) Chrome/62.0.3202.89 Safari/537.36',
  'upgrade-insecure-requests' => '1',
  'accept' => 'text/html,application/xhtml+xml,application/xml;q=0.9,image/webp,image/apng,*/*;q=0.8',
  'accept-encoding' => 'gzip, deflate, br',
  'accept-language' => 'zh-CN,zh;q=0.9',
  'cookie' => 'sessionid=ju6w82dp7v5kfniqmkqyz8oyr95hoi84; csrftoken=hP2kz6A2TThNEpfhLAqDRyRBIL6N1BjynFRQQe1Pbmw1jSePrYpG4BFXC6lWgmlw; pgv_pvi=4484905984; pgv_si=s8345492480',
)
[ info ] [ PARAM ] array (
)
[ info ] [ RUN ] app\index\controller\Index->login[ E:\code\php\weightdatadisplay\application\index\controller\Index.php ]
[ info ] [ LOG ] INIT File
---------------------------------------------------------------
[ 2017-11-14T14:01:27+08:00 ] ::1 ::1 GET /weightdatadisplay/index/index/login.html
[ info ] localhost/weightdatadisplay/index/index/login.html [运行时间：0.019851s][吞吐率：50.38req/s] [内存消耗：2,243.52kb] [文件加载：44]
[ info ] [ LANG ] E:\code\php\weightdatadisplay\thinkphp\lang\zh-cn.php
[ info ] [ ROUTE ] array (
  'type' => 'module',
  'module' => 
  array (
    0 => 'index',
    1 => 'index',
    2 => 'login',
  ),
)
[ info ] [ HEADER ] array (
  'host' => 'localhost',
  'connection' => 'keep-alive',
  'cache-control' => 'max-age=0',
  'user-agent' => 'Mozilla/5.0 (Windows NT 10.0; Win64; x64) AppleWebKit/537.36 (KHTML, like Gecko) Chrome/62.0.3202.89 Safari/537.36',
  'upgrade-insecure-requests' => '1',
  'accept' => 'text/html,application/xhtml+xml,application/xml;q=0.9,image/webp,image/apng,*/*;q=0.8',
  'accept-encoding' => 'gzip, deflate, br',
  'accept-language' => 'zh-CN,zh;q=0.9',
  'cookie' => 'sessionid=ju6w82dp7v5kfniqmkqyz8oyr95hoi84; csrftoken=hP2kz6A2TThNEpfhLAqDRyRBIL6N1BjynFRQQe1Pbmw1jSePrYpG4BFXC6lWgmlw; pgv_pvi=4484905984; pgv_si=s8345492480',
)
[ info ] [ PARAM ] array (
)
[ info ] [ RUN ] app\index\controller\Index->login[ E:\code\php\weightdatadisplay\application\index\controller\Index.php ]
[ info ] [ LOG ] INIT File
---------------------------------------------------------------
[ 2017-11-14T14:01:31+08:00 ] ::1 ::1 POST /weightdatadisplay/index/index/login.html
[ info ] localhost/weightdatadisplay/index/index/login.html [运行时间：0.022921s][吞吐率：43.63req/s] [内存消耗：2,243.91kb] [文件加载：44]
[ info ] [ LANG ] E:\code\php\weightdatadisplay\thinkphp\lang\zh-cn.php
[ info ] [ ROUTE ] array (
  'type' => 'module',
  'module' => 
  array (
    0 => 'index',
    1 => 'index',
    2 => 'login',
  ),
)
[ info ] [ HEADER ] array (
  'host' => 'localhost',
  'connection' => 'keep-alive',
  'content-length' => '30',
  'cache-control' => 'max-age=0',
  'origin' => 'http://localhost',
  'upgrade-insecure-requests' => '1',
  'content-type' => 'application/x-www-form-urlencoded',
  'user-agent' => 'Mozilla/5.0 (Windows NT 10.0; Win64; x64) AppleWebKit/537.36 (KHTML, like Gecko) Chrome/62.0.3202.89 Safari/537.36',
  'accept' => 'text/html,application/xhtml+xml,application/xml;q=0.9,image/webp,image/apng,*/*;q=0.8',
  'referer' => 'http://localhost/weightdatadisplay/index/',
  'accept-encoding' => 'gzip, deflate, br',
  'accept-language' => 'zh-CN,zh;q=0.9',
  'cookie' => 'sessionid=ju6w82dp7v5kfniqmkqyz8oyr95hoi84; csrftoken=hP2kz6A2TThNEpfhLAqDRyRBIL6N1BjynFRQQe1Pbmw1jSePrYpG4BFXC6lWgmlw; pgv_pvi=4484905984; pgv_si=s8345492480',
)
[ info ] [ PARAM ] array (
  'accountname' => 'user1',
  'password' => '123',
)
[ info ] [ RUN ] app\index\controller\Index->login[ E:\code\php\weightdatadisplay\application\index\controller\Index.php ]
[ info ] [ LOG ] INIT File
---------------------------------------------------------------
[ 2017-11-14T14:02:07+08:00 ] ::1 ::1 POST /weightdatadisplay/index/index/login.html
[ info ] localhost/weightdatadisplay/index/index/login.html [运行时间：0.037698s][吞吐率：26.53req/s] [内存消耗：3,266.27kb] [文件加载：56]
[ info ] [ LANG ] E:\code\php\weightdatadisplay\thinkphp\lang\zh-cn.php
[ info ] [ ROUTE ] array (
  'type' => 'module',
  'module' => 
  array (
    0 => 'index',
    1 => 'index',
    2 => 'login',
  ),
)
[ info ] [ HEADER ] array (
  'host' => 'localhost',
  'connection' => 'keep-alive',
  'content-length' => '32',
  'cache-control' => 'max-age=0',
  'origin' => 'http://localhost',
  'upgrade-insecure-requests' => '1',
  'content-type' => 'application/x-www-form-urlencoded',
  'user-agent' => 'Mozilla/5.0 (Windows NT 10.0; Win64; x64) AppleWebKit/537.36 (KHTML, like Gecko) Chrome/62.0.3202.89 Safari/537.36',
  'accept' => 'text/html,application/xhtml+xml,application/xml;q=0.9,image/webp,image/apng,*/*;q=0.8',
  'referer' => 'http://localhost/weightdatadisplay/index/',
  'accept-encoding' => 'gzip, deflate, br',
  'accept-language' => 'zh-CN,zh;q=0.9',
  'cookie' => 'sessionid=ju6w82dp7v5kfniqmkqyz8oyr95hoi84; csrftoken=hP2kz6A2TThNEpfhLAqDRyRBIL6N1BjynFRQQe1Pbmw1jSePrYpG4BFXC6lWgmlw; pgv_pvi=4484905984; pgv_si=s8345492480',
)
[ info ] [ PARAM ] array (
  'accountname' => 'user1',
  'password' => '13214',
)
[ info ] [ RUN ] app\index\controller\Index->login[ E:\code\php\weightdatadisplay\application\index\controller\Index.php ]
[ info ] [ DB ] INIT mysql
[ info ] [ LOG ] INIT File
[ sql ] [ DB ] CONNECT:[ UseTime:0.001052s ] mysql:host=127.0.0.1;dbname=ctt-ms;charset=utf8
[ sql ] [ SQL ] SHOW COLUMNS FROM `user` [ RunTime:0.000986s ]
[ error ] [10501]SQLSTATE[42S22]: Column not found: 1054 Unknown column 'account' in 'where clause'[E:\code\php\weightdatadisplay\thinkphp\library\think\db\Connection.php:388]
---------------------------------------------------------------
[ 2017-11-14T14:02:42+08:00 ] ::1 ::1 POST /weightdatadisplay/index/index/login.html
[ info ] localhost/weightdatadisplay/index/index/login.html [运行时间：0.035053s][吞吐率：28.53req/s] [内存消耗：3,259.98kb] [文件加载：53]
[ info ] [ LANG ] E:\code\php\weightdatadisplay\thinkphp\lang\zh-cn.php
[ info ] [ ROUTE ] array (
  'type' => 'module',
  'module' => 
  array (
    0 => 'index',
    1 => 'index',
    2 => 'login',
  ),
)
[ info ] [ HEADER ] array (
  'host' => 'localhost',
  'connection' => 'keep-alive',
  'content-length' => '30',
  'cache-control' => 'max-age=0',
  'origin' => 'http://localhost',
  'upgrade-insecure-requests' => '1',
  'content-type' => 'application/x-www-form-urlencoded',
  'user-agent' => 'Mozilla/5.0 (Windows NT 10.0; Win64; x64) AppleWebKit/537.36 (KHTML, like Gecko) Chrome/62.0.3202.89 Safari/537.36',
  'accept' => 'text/html,application/xhtml+xml,application/xml;q=0.9,image/webp,image/apng,*/*;q=0.8',
  'referer' => 'http://localhost/weightdatadisplay/index/',
  'accept-encoding' => 'gzip, deflate, br',
  'accept-language' => 'zh-CN,zh;q=0.9',
  'cookie' => 'sessionid=ju6w82dp7v5kfniqmkqyz8oyr95hoi84; csrftoken=hP2kz6A2TThNEpfhLAqDRyRBIL6N1BjynFRQQe1Pbmw1jSePrYpG4BFXC6lWgmlw; pgv_pvi=4484905984; pgv_si=s8345492480',
)
[ info ] [ PARAM ] array (
  'accountname' => 'user1',
  'password' => '123',
)
[ info ] [ RUN ] app\index\controller\Index->login[ E:\code\php\weightdatadisplay\application\index\controller\Index.php ]
[ info ] [ DB ] INIT mysql
[ info ] [ VIEW ] E:\code\php\weightdatadisplay/application/index\view\public\dispatch_jump.html [ array (
  0 => 'code',
  1 => 'msg',
  2 => 'data',
  3 => 'url',
  4 => 'wait',
) ]
[ info ] [ LOG ] INIT File
[ sql ] [ DB ] CONNECT:[ UseTime:0.001075s ] mysql:host=127.0.0.1;dbname=weightdata;charset=utf8
[ sql ] [ SQL ] SHOW COLUMNS FROM `user` [ RunTime:0.000941s ]
[ sql ] [ SQL ] SELECT * FROM `user` WHERE  `account` = 'user1' LIMIT 1 [ RunTime:0.000520s ]
---------------------------------------------------------------
[ 2017-11-14T14:02:46+08:00 ] ::1 ::1 POST /weightdatadisplay/index/index/login.html
[ info ] localhost/weightdatadisplay/index/index/login.html [运行时间：0.038429s][吞吐率：26.02req/s] [内存消耗：3,293.96kb] [文件加载：52]
[ info ] [ LANG ] E:\code\php\weightdatadisplay\thinkphp\lang\zh-cn.php
[ info ] [ ROUTE ] array (
  'type' => 'module',
  'module' => 
  array (
    0 => 'index',
    1 => 'index',
    2 => 'login',
  ),
)
[ info ] [ HEADER ] array (
  'host' => 'localhost',
  'connection' => 'keep-alive',
  'content-length' => '33',
  'cache-control' => 'max-age=0',
  'origin' => 'http://localhost',
  'upgrade-insecure-requests' => '1',
  'content-type' => 'application/x-www-form-urlencoded',
  'user-agent' => 'Mozilla/5.0 (Windows NT 10.0; Win64; x64) AppleWebKit/537.36 (KHTML, like Gecko) Chrome/62.0.3202.89 Safari/537.36',
  'accept' => 'text/html,application/xhtml+xml,application/xml;q=0.9,image/webp,image/apng,*/*;q=0.8',
  'referer' => 'http://localhost/weightdatadisplay/index/',
  'accept-encoding' => 'gzip, deflate, br',
  'accept-language' => 'zh-CN,zh;q=0.9',
  'cookie' => 'sessionid=ju6w82dp7v5kfniqmkqyz8oyr95hoi84; csrftoken=hP2kz6A2TThNEpfhLAqDRyRBIL6N1BjynFRQQe1Pbmw1jSePrYpG4BFXC6lWgmlw; pgv_pvi=4484905984; pgv_si=s8345492480',
)
[ info ] [ PARAM ] array (
  'accountname' => 'user1',
  'password' => '123456',
)
[ info ] [ RUN ] app\index\controller\Index->login[ E:\code\php\weightdatadisplay\application\index\controller\Index.php ]
[ info ] [ DB ] INIT mysql
[ info ] [ LOG ] INIT File
[ sql ] [ DB ] CONNECT:[ UseTime:0.001135s ] mysql:host=127.0.0.1;dbname=weightdata;charset=utf8
[ sql ] [ SQL ] SHOW COLUMNS FROM `user` [ RunTime:0.001676s ]
[ sql ] [ SQL ] SELECT * FROM `user` WHERE  `account` = 'user1' LIMIT 1 [ RunTime:0.000628s ]
---------------------------------------------------------------
[ 2017-11-14T14:03:37+08:00 ] ::1 ::1 POST /weightdatadisplay/index/index/login.html
[ info ] localhost/weightdatadisplay/index/index/login.html [运行时间：0.038322s][吞吐率：26.09req/s] [内存消耗：3,328.45kb] [文件加载：54]
[ info ] [ LANG ] E:\code\php\weightdatadisplay\thinkphp\lang\zh-cn.php
[ info ] [ ROUTE ] array (
  'type' => 'module',
  'module' => 
  array (
    0 => 'index',
    1 => 'index',
    2 => 'login',
  ),
)
[ info ] [ HEADER ] array (
  'host' => 'localhost',
  'connection' => 'keep-alive',
  'content-length' => '33',
  'cache-control' => 'max-age=0',
  'origin' => 'http://localhost',
  'upgrade-insecure-requests' => '1',
  'content-type' => 'application/x-www-form-urlencoded',
  'user-agent' => 'Mozilla/5.0 (Windows NT 10.0; Win64; x64) AppleWebKit/537.36 (KHTML, like Gecko) Chrome/62.0.3202.89 Safari/537.36',
  'accept' => 'text/html,application/xhtml+xml,application/xml;q=0.9,image/webp,image/apng,*/*;q=0.8',
  'referer' => 'http://localhost/weightdatadisplay/index/',
  'accept-encoding' => 'gzip, deflate, br',
  'accept-language' => 'zh-CN,zh;q=0.9',
  'cookie' => 'sessionid=ju6w82dp7v5kfniqmkqyz8oyr95hoi84; csrftoken=hP2kz6A2TThNEpfhLAqDRyRBIL6N1BjynFRQQe1Pbmw1jSePrYpG4BFXC6lWgmlw; pgv_pvi=4484905984; pgv_si=s8345492480; username=user1',
)
[ info ] [ PARAM ] array (
  'accountname' => 'user1',
  'password' => '123456',
)
[ info ] [ RUN ] app\index\controller\Index->login[ E:\code\php\weightdatadisplay\application\index\controller\Index.php ]
[ info ] [ DB ] INIT mysql
[ info ] [ LOG ] INIT File
[ sql ] [ DB ] CONNECT:[ UseTime:0.002394s ] mysql:host=127.0.0.1;dbname=weightdata;charset=utf8
[ sql ] [ SQL ] SHOW COLUMNS FROM `user` [ RunTime:0.001110s ]
[ sql ] [ SQL ] SELECT * FROM `user` WHERE  `account` = 'user1' LIMIT 1 [ RunTime:0.000463s ]
---------------------------------------------------------------
[ 2017-11-14T14:03:37+08:00 ] ::1 ::1 GET /weightdatadisplay/index/index/chart.html
[ info ] localhost/weightdatadisplay/index/index/chart.html [运行时间：0.043573s][吞吐率：22.95req/s] [内存消耗：2,461.53kb] [文件加载：48]
[ info ] [ LANG ] E:\code\php\weightdatadisplay\thinkphp\lang\zh-cn.php
[ info ] [ ROUTE ] array (
  'type' => 'module',
  'module' => 
  array (
    0 => 'index',
    1 => 'index',
    2 => 'chart',
  ),
)
[ info ] [ HEADER ] array (
  'host' => 'localhost',
  'connection' => 'keep-alive',
  'cache-control' => 'max-age=0',
  'upgrade-insecure-requests' => '1',
  'user-agent' => 'Mozilla/5.0 (Windows NT 10.0; Win64; x64) AppleWebKit/537.36 (KHTML, like Gecko) Chrome/62.0.3202.89 Safari/537.36',
  'accept' => 'text/html,application/xhtml+xml,application/xml;q=0.9,image/webp,image/apng,*/*;q=0.8',
  'referer' => 'http://localhost/weightdatadisplay/index/',
  'accept-encoding' => 'gzip, deflate, br',
  'accept-language' => 'zh-CN,zh;q=0.9',
  'cookie' => 'sessionid=ju6w82dp7v5kfniqmkqyz8oyr95hoi84; csrftoken=hP2kz6A2TThNEpfhLAqDRyRBIL6N1BjynFRQQe1Pbmw1jSePrYpG4BFXC6lWgmlw; pgv_pvi=4484905984; pgv_si=s8345492480; username=user1',
)
[ info ] [ PARAM ] array (
)
[ info ] [ RUN ] app\index\controller\Index->chart[ E:\code\php\weightdatadisplay\application\index\controller\Index.php ]
[ info ] [ VIEW ] E:\code\php\weightdatadisplay/application/index\view\index\chart.html [ array (
) ]
[ info ] [ LOG ] INIT File
---------------------------------------------------------------
[ 2017-11-14T23:48:40+08:00 ] ::1 ::1 GET /weightdata/
[ info ] localhost/weightdata/ [运行时间：0.999738s][吞吐率：1.00req/s] [内存消耗：2,504.75kb] [文件加载：48]
[ info ] [ LANG ] E:\code\php\weightdata\thinkphp\lang\zh-cn.php
[ info ] [ ROUTE ] array (
  'type' => 'module',
  'module' => 
  array (
    0 => '',
    1 => NULL,
    2 => NULL,
  ),
)
[ info ] [ HEADER ] array (
  'host' => 'localhost',
  'connection' => 'keep-alive',
  'user-agent' => 'Mozilla/5.0 (Windows NT 10.0; Win64; x64) AppleWebKit/537.36 (KHTML, like Gecko) Chrome/62.0.3202.89 Safari/537.36',
  'upgrade-insecure-requests' => '1',
  'accept' => 'text/html,application/xhtml+xml,application/xml;q=0.9,image/webp,image/apng,*/*;q=0.8',
  'accept-encoding' => 'gzip, deflate, br',
  'accept-language' => 'zh-CN,zh;q=0.9',
  'cookie' => 'sessionid=ju6w82dp7v5kfniqmkqyz8oyr95hoi84; csrftoken=hP2kz6A2TThNEpfhLAqDRyRBIL6N1BjynFRQQe1Pbmw1jSePrYpG4BFXC6lWgmlw; pgv_pvi=4484905984',
)
[ info ] [ PARAM ] array (
)
[ info ] [ RUN ] app\index\controller\Index->index[ E:\code\php\weightdata\application\index\controller\Index.php ]
[ info ] [ VIEW ] E:\code\php\weightdata/application/index\view\index\index.html [ array (
) ]
[ info ] [ LOG ] INIT File
---------------------------------------------------------------
[ 2017-11-14T23:48:47+08:00 ] ::1 ::1 POST /weightdata/index/index/login.html
[ info ] localhost/weightdata/index/index/login.html [运行时间：0.252975s][吞吐率：3.95req/s] [内存消耗：3,321.72kb] [文件加载：54]
[ info ] [ LANG ] E:\code\php\weightdata\thinkphp\lang\zh-cn.php
[ info ] [ ROUTE ] array (
  'type' => 'module',
  'module' => 
  array (
    0 => 'index',
    1 => 'index',
    2 => 'login',
  ),
)
[ info ] [ HEADER ] array (
  'host' => 'localhost',
  'connection' => 'keep-alive',
  'content-length' => '33',
  'cache-control' => 'max-age=0',
  'origin' => 'http://localhost',
  'upgrade-insecure-requests' => '1',
  'content-type' => 'application/x-www-form-urlencoded',
  'user-agent' => 'Mozilla/5.0 (Windows NT 10.0; Win64; x64) AppleWebKit/537.36 (KHTML, like Gecko) Chrome/62.0.3202.89 Safari/537.36',
  'accept' => 'text/html,application/xhtml+xml,application/xml;q=0.9,image/webp,image/apng,*/*;q=0.8',
  'referer' => 'http://localhost/weightdata/',
  'accept-encoding' => 'gzip, deflate, br',
  'accept-language' => 'zh-CN,zh;q=0.9',
  'cookie' => 'sessionid=ju6w82dp7v5kfniqmkqyz8oyr95hoi84; csrftoken=hP2kz6A2TThNEpfhLAqDRyRBIL6N1BjynFRQQe1Pbmw1jSePrYpG4BFXC6lWgmlw; pgv_pvi=4484905984',
)
[ info ] [ PARAM ] array (
  'accountname' => 'user1',
  'password' => '123456',
)
[ info ] [ RUN ] app\index\controller\Index->login[ E:\code\php\weightdata\application\index\controller\Index.php ]
[ info ] [ DB ] INIT mysql
[ info ] [ LOG ] INIT File
[ sql ] [ DB ] CONNECT:[ UseTime:0.001268s ] mysql:host=127.0.0.1;dbname=weight_data;charset=utf8
[ sql ] [ SQL ] SHOW COLUMNS FROM `user` [ RunTime:0.002887s ]
[ sql ] [ SQL ] SELECT * FROM `user` WHERE  `account` = 'user1' LIMIT 1 [ RunTime:0.000909s ]
---------------------------------------------------------------
[ 2017-11-14T23:48:47+08:00 ] ::1 ::1 GET /weightdata/index/index/chart.html
[ info ] localhost/weightdata/index/index/chart.html [运行时间：0.068325s][吞吐率：14.64req/s] [内存消耗：2,454.82kb] [文件加载：48]
[ info ] [ LANG ] E:\code\php\weightdata\thinkphp\lang\zh-cn.php
[ info ] [ ROUTE ] array (
  'type' => 'module',
  'module' => 
  array (
    0 => 'index',
    1 => 'index',
    2 => 'chart',
  ),
)
[ info ] [ HEADER ] array (
  'host' => 'localhost',
  'connection' => 'keep-alive',
  'cache-control' => 'max-age=0',
  'upgrade-insecure-requests' => '1',
  'user-agent' => 'Mozilla/5.0 (Windows NT 10.0; Win64; x64) AppleWebKit/537.36 (KHTML, like Gecko) Chrome/62.0.3202.89 Safari/537.36',
  'accept' => 'text/html,application/xhtml+xml,application/xml;q=0.9,image/webp,image/apng,*/*;q=0.8',
  'referer' => 'http://localhost/weightdata/',
  'accept-encoding' => 'gzip, deflate, br',
  'accept-language' => 'zh-CN,zh;q=0.9',
  'cookie' => 'sessionid=ju6w82dp7v5kfniqmkqyz8oyr95hoi84; csrftoken=hP2kz6A2TThNEpfhLAqDRyRBIL6N1BjynFRQQe1Pbmw1jSePrYpG4BFXC6lWgmlw; pgv_pvi=4484905984; username=user1',
)
[ info ] [ PARAM ] array (
)
[ info ] [ RUN ] app\index\controller\Index->chart[ E:\code\php\weightdata\application\index\controller\Index.php ]
[ info ] [ VIEW ] E:\code\php\weightdata/application/index\view\index\chart.html [ array (
) ]
[ info ] [ LOG ] INIT File
